TN:test
SF:/Users/aladales/project_school21/C8_3DViewer_v1.0-0/src/backend/matrix_lib/s21_matrix.c
FN:10,s21_create_matrix
FNDA:65,s21_create_matrix
FN:25,s21_remove_matrix
FNDA:59,s21_remove_matrix
FN:46,s21_eq_matrix
FNDA:7,s21_eq_matrix
FN:69,s21_matrix_check
FNDA:13,s21_matrix_check
FN:78,s21_sum_matrix
FNDA:1,s21_sum_matrix
FN:96,s21_sub_matrix
FNDA:1,s21_sub_matrix
FN:114,s21_mult_number
FNDA:2,s21_mult_number
FN:135,s21_mult_matrix
FNDA:4,s21_mult_matrix
FN:155,s21_transpose
FNDA:2,s21_transpose
FN:171,getMatrixForDeterminant
FNDA:27,getMatrixForDeterminant
FN:184,s21_calc_complements
FNDA:2,s21_calc_complements
FN:207,s21_determinant
FNDA:30,s21_determinant
FN:238,s21_inverse_matrix
FNDA:1,s21_inverse_matrix
FNF:13
FNH:13
DA:10,65
DA:11,65
DA:12,65
DA:13,0
DA:14,65
DA:15,65
DA:16,65
DA:17,65
DA:18,1707
DA:19,1642
DA:22,65
DA:25,59
DA:26,59
DA:27,1683
DA:28,1624
DA:30,59
DA:32,59
DA:33,59
DA:34,59
DA:46,7
DA:48,7
DA:49,7
DA:50,26
DA:51,72
DA:52,53
DA:53,53
DA:55,0
DA:56,0
DA:59,19
DA:60,0
DA:64,0
DA:66,7
DA:69,13
DA:70,13
DA:71,13
DA:72,0
DA:73,13
DA:74,13
DA:75,13
DA:78,1
DA:79,1
DA:80,1
DA:81,1
DA:82,1
DA:83,1
DA:84,3
DA:85,6
DA:86,4
DA:90,0
DA:93,1
DA:96,1
DA:97,1
DA:98,1
DA:99,1
DA:100,1
DA:101,1
DA:102,3
DA:103,6
DA:104,4
DA:108,0
DA:111,1
DA:114,2
DA:116,2
DA:117,0
DA:119,2
DA:120,8
DA:121,24
DA:122,18
DA:123,0
DA:124,0
DA:126,18
DA:127,18
DA:132,2
DA:135,4
DA:136,4
DA:137,4
DA:138,4
DA:139,4
DA:140,4
DA:141,16
DA:142,48
DA:143,144
DA:144,108
DA:149,0
DA:152,4
DA:155,2
DA:157,2
DA:158,0
DA:160,2
DA:161,8
DA:162,24
DA:163,18
DA:166,2
DA:168,2
DA:171,27
DA:173,108
DA:174,81
DA:175,216
DA:176,162
DA:177,108
DA:178,108
DA:180,54
DA:182,27
DA:184,2
DA:186,2
DA:187,2
DA:188,0
DA:190,2
DA:191,8
DA:192,24
DA:193,18
DA:195,18
DA:196,18
DA:197,18
DA:198,18
DA:199,18
DA:202,2
DA:204,2
DA:207,30
DA:209,30
DA:210,30
DA:212,30
DA:213,30
DA:214,0
DA:216,30
DA:217,0
DA:218,30
DA:219,27
DA:220,27
DA:222,3
DA:223,12
DA:225,9
DA:226,9
DA:227,9
DA:228,9
DA:229,9
DA:231,3
DA:233,30
DA:235,30
DA:238,1
DA:239,1
DA:240,1
DA:241,1
DA:242,1
DA:243,2
DA:245,1
DA:247,1
DA:248,1
DA:249,1
DA:250,1
DA:252,0
DA:255,1
LF:152
LH:135
end_of_record
TN:test
SF:/Users/aladales/project_school21/C8_3DViewer_v1.0-0/src/backend/s21_parsing_object.c
FN:7,is_digit
FNDA:87541,is_digit
FN:21,count_vertexes_polygons
FNDA:2,count_vertexes_polygons
FN:57,create_matrix_obj
FNDA:1,create_matrix_obj
FN:101,note_vertexes_polygons
FNDA:2,note_vertexes_polygons
FN:132,help_funk_vertexes_polygons
FNDA:2718,help_funk_vertexes_polygons
FN:166,move_obj
FNDA:1,move_obj
FN:177,rotation_by_ox
FNDA:1,rotation_by_ox
FN:197,rotation_by_oy
FNDA:1,rotation_by_oy
FN:216,rotation_by_oz
FNDA:1,rotation_by_oz
FN:236,scale_obj
FNDA:1,scale_obj
FN:244,get_max_min_frustum
FNDA:0,get_max_min_frustum
FNF:11
FNH:10
DA:7,87541
DA:8,87541
DA:9,87541
DA:10,78609
DA:12,87541
DA:21,2
DA:22,2
DA:23,2
DA:24,2
DA:25,2
DA:26,2
DA:27,2
DA:28,2
DA:29,2
DA:30,2
DA:31,1
DA:33,4910
DA:34,4909
DA:35,1485
DA:36,3424
DA:37,2718
DA:40,1
DA:42,1
DA:44,2
DA:45,2
DA:46,2
DA:48,2
DA:57,1
DA:58,1
DA:60,1
DA:61,1
DA:62,1
DA:63,1
DA:65,1
DA:66,4910
DA:67,4909
DA:68,1485
DA:69,7425
DA:70,7425
DA:71,4455
DA:72,4455
DA:73,80116
DA:74,75661
DA:76,4455
DA:77,4455
DA:78,4455
DA:80,4455
DA:81,2970
DA:83,1485
DA:84,1485
DA:86,2970
DA:87,2970
DA:90,1485
DA:93,1
DA:95,0
DA:97,1
DA:98,1
DA:101,2
DA:102,2
DA:104,2
DA:105,2
DA:106,2
DA:107,2
DA:108,2
DA:109,1
DA:111,4910
DA:112,4909
DA:113,92370
DA:114,89652
DA:115,63000
DA:116,10608
DA:120,2718
DA:121,2718
DA:124,1
DA:126,1
DA:128,2
DA:129,2
DA:132,2718
DA:134,2718
DA:136,2718
DA:137,2718
DA:138,2718
DA:140,57116
DA:141,54398
DA:142,38354
DA:143,10608
DA:144,45862
DA:145,35254
DA:146,35254
DA:148,10608
DA:149,10608
DA:150,10608
DA:151,10608
DA:152,7890
DA:153,7890
DA:155,10608
DA:156,10608
DA:158,2718
DA:159,2718
DA:164,2718
DA:166,1
DA:170,1
DA:171,0
DA:172,0
DA:173,0
DA:175,1
DA:177,1
DA:179,1
DA:181,1
DA:182,1
DA:183,1
DA:184,1
DA:185,1
DA:186,1
DA:187,1
DA:188,1
DA:189,1
DA:190,1
DA:192,1
DA:193,1
DA:194,1
DA:195,1
DA:197,1
DA:199,1
DA:201,1
DA:202,1
DA:203,1
DA:204,1
DA:205,1
DA:206,1
DA:207,1
DA:208,1
DA:209,1
DA:210,1
DA:212,1
DA:213,1
DA:214,1
DA:215,1
DA:216,1
DA:218,1
DA:220,1
DA:221,1
DA:222,1
DA:223,1
DA:224,1
DA:225,1
DA:226,1
DA:227,1
DA:228,1
DA:229,1
DA:231,1
DA:232,1
DA:233,1
DA:234,1
DA:236,1
DA:237,1
DA:238,0
DA:239,0
DA:240,0
DA:242,1
DA:244,0
DA:245,0
DA:246,0
DA:247,0
DA:248,0
DA:249,0
DA:250,0
DA:252,0
DA:253,0
DA:257,0
DA:258,0
DA:259,0
LF:172
LH:153
end_of_record
TN:test
SF:/Users/aladales/project_school21/C8_3DViewer_v1.0-0/src/backend/s21_test.c
FN:5,s21_matrix_creator
FNDA:9,s21_matrix_creator
FN:13,test_parser_with_file_fn
FNDA:1,test_parser_with_file_fn
FN:52,test_n_v_p_fn
FNDA:1,test_n_v_p_fn
FN:61,move_obj_test_fn
FNDA:1,move_obj_test_fn
FN:77,scale_obj_test_fn
FNDA:1,scale_obj_test_fn
FN:93,rot_ox_test_fn
FNDA:1,rot_ox_test_fn
FN:118,rot_oy_test_fn
FNDA:1,rot_oy_test_fn
FN:143,rot_oz_test_fn
FNDA:1,rot_oz_test_fn
FN:168,test_parser_without_file_fn
FNDA:1,test_parser_without_file_fn
FN:181,s21_sum_matrix_test_fn
FNDA:1,s21_sum_matrix_test_fn
FN:204,s21_sub_matrix_test_fn
FNDA:1,s21_sub_matrix_test_fn
FN:227,s21_mult_number_test_fn
FNDA:1,s21_mult_number_test_fn
FN:252,s21_mult_matrix_test_fn
FNDA:1,s21_mult_matrix_test_fn
FN:280,s21_transpose_test_fn
FNDA:1,s21_transpose_test_fn
FN:304,s21_calc_complements_test_fn
FNDA:1,s21_calc_complements_test_fn
FN:334,s21_determinant_test_fn
FNDA:1,s21_determinant_test_fn
FN:361,s21_inverse_matrix_test_fn
FNDA:1,s21_inverse_matrix_test_fn
FN:391,main
FNDA:17,main
FNF:18
FNH:18
DA:5,9
DA:6,32
DA:7,84
DA:8,61
DA:11,9
DA:13,1
DA:14,1
DA:17,1
DA:18,1
DA:19,1
DA:20,1
DA:21,1
DA:22,1
DA:23,1
DA:24,2719
DA:25,2718
DA:26,1
DA:30,1
DA:31,1
DA:52,1
DA:53,1
DA:56,1
DA:57,1
DA:58,1
DA:61,1
DA:63,1
DA:64,0
DA:65,0
DA:66,0
DA:68,1
DA:69,1
DA:70,0
DA:71,0
DA:72,0
DA:74,1
DA:77,1
DA:79,1
DA:80,0
DA:81,0
DA:82,0
DA:84,1
DA:85,1
DA:86,0
DA:87,0
DA:88,0
DA:90,1
DA:93,1
DA:95,1
DA:96,1
DA:97,1
DA:98,1
DA:99,1
DA:100,1
DA:101,1
DA:102,1
DA:103,1
DA:104,1
DA:105,1
DA:106,1
DA:107,1
DA:108,1
DA:109,1
DA:110,1
DA:111,1
DA:112,1
DA:113,1
DA:114,1
DA:115,1
DA:118,1
DA:120,1
DA:121,1
DA:122,1
DA:123,1
DA:124,1
DA:125,1
DA:126,1
DA:127,1
DA:128,1
DA:129,1
DA:130,1
DA:131,1
DA:132,1
DA:133,1
DA:134,1
DA:135,1
DA:136,1
DA:137,1
DA:138,1
DA:139,1
DA:140,1
DA:143,1
DA:145,1
DA:146,1
DA:147,1
DA:148,1
DA:149,1
DA:150,1
DA:151,1
DA:152,1
DA:153,1
DA:154,1
DA:155,1
DA:156,1
DA:157,1
DA:158,1
DA:159,1
DA:160,1
DA:161,1
DA:162,1
DA:163,1
DA:164,1
DA:165,1
DA:168,1
DA:169,1
DA:172,1
DA:173,1
DA:174,1
DA:175,1
DA:177,1
DA:178,1
DA:181,1
DA:185,1
DA:186,1
DA:187,1
DA:188,1
DA:189,1
DA:191,1
DA:192,1
DA:193,1
DA:194,1
DA:195,1
DA:196,1
DA:197,1
DA:198,1
DA:199,1
DA:200,1
DA:201,1
DA:204,1
DA:208,1
DA:209,1
DA:210,1
DA:211,1
DA:212,1
DA:214,1
DA:215,1
DA:216,1
DA:217,1
DA:218,1
DA:219,1
DA:220,1
DA:221,1
DA:222,1
DA:223,1
DA:224,1
DA:227,1
DA:230,1
DA:231,1
DA:232,1
DA:233,1
DA:235,1
DA:236,1
DA:237,1
DA:238,1
DA:239,1
DA:240,1
DA:241,1
DA:242,1
DA:243,1
DA:244,1
DA:245,1
DA:246,1
DA:247,1
DA:248,1
DA:249,1
DA:252,1
DA:256,1
DA:257,1
DA:258,1
DA:259,1
DA:260,1
DA:262,1
DA:263,1
DA:264,1
DA:265,1
DA:266,1
DA:267,1
DA:268,1
DA:269,1
DA:270,1
DA:271,1
DA:272,1
DA:273,1
DA:274,1
DA:275,1
DA:276,1
DA:277,1
DA:280,1
DA:283,1
DA:284,1
DA:285,1
DA:287,1
DA:288,1
DA:289,1
DA:290,1
DA:291,1
DA:292,1
DA:293,1
DA:294,1
DA:295,1
DA:296,1
DA:297,1
DA:298,1
DA:299,1
DA:300,1
DA:301,1
DA:304,1
DA:306,1
DA:307,1
DA:308,1
DA:309,1
DA:310,1
DA:311,1
DA:312,1
DA:313,1
DA:314,1
DA:315,1
DA:316,1
DA:317,1
DA:318,1
DA:319,1
DA:320,1
DA:321,1
DA:322,1
DA:323,1
DA:324,1
DA:325,1
DA:326,1
DA:327,1
DA:328,1
DA:329,1
DA:330,1
DA:331,1
DA:334,1
DA:336,1
DA:337,1
DA:338,1
DA:339,1
DA:340,1
DA:341,1
DA:342,1
DA:343,1
DA:344,1
DA:345,1
DA:346,1
DA:347,1
DA:349,1
DA:350,1
DA:352,1
DA:353,1
DA:354,1
DA:355,1
DA:356,1
DA:357,1
DA:358,1
DA:361,1
DA:363,1
DA:364,1
DA:365,1
DA:366,1
DA:367,1
DA:368,1
DA:369,1
DA:370,1
DA:371,1
DA:372,1
DA:373,1
DA:374,1
DA:375,1
DA:376,1
DA:377,1
DA:378,1
DA:379,1
DA:380,1
DA:381,1
DA:382,1
DA:383,1
DA:384,1
DA:385,1
DA:386,1
DA:387,1
DA:388,1
DA:391,17
DA:392,17
DA:393,17
DA:399,17
DA:400,17
DA:401,17
DA:403,17
DA:404,17
DA:405,17
DA:407,17
DA:408,17
DA:409,17
DA:411,17
DA:412,17
DA:413,17
DA:415,17
DA:416,17
DA:417,17
DA:419,17
DA:420,17
DA:421,17
DA:423,17
DA:424,17
DA:425,17
DA:427,17
DA:428,17
DA:429,17
DA:431,17
DA:432,17
DA:433,17
DA:435,17
DA:436,17
DA:437,17
DA:439,17
DA:440,17
DA:441,17
DA:443,17
DA:444,17
DA:445,17
DA:447,17
DA:448,17
DA:449,17
DA:451,17
DA:452,17
DA:453,17
DA:455,17
DA:456,17
DA:457,17
DA:459,17
DA:460,17
DA:461,17
DA:463,17
DA:464,1
DA:465,1
DA:467,1
LF:346
LH:334
end_of_record
